[debug] [2025-12-12T19:44:35.104Z] ----------------------------------------------------------------------
[debug] [2025-12-12T19:44:35.108Z] Command:       /opt/homebrew/Cellar/node/24.4.1/bin/node /opt/homebrew/bin/firebase deploy --only hosting
[debug] [2025-12-12T19:44:35.108Z] CLI Version:   14.21.0
[debug] [2025-12-12T19:44:35.109Z] Platform:      darwin
[debug] [2025-12-12T19:44:35.109Z] Node Version:  v24.4.1
[debug] [2025-12-12T19:44:35.109Z] Time:          Fri Dec 12 2025 20:44:35 GMT+0100 (Central European Standard Time)
[debug] [2025-12-12T19:44:35.109Z] ----------------------------------------------------------------------
[debug] 
[debug] [2025-12-12T19:44:35.111Z] >>> [apiv2][query] GET https://firebase-public.firebaseio.com/cli.json [none]
[debug] [2025-12-12T19:44:35.233Z] > command requires scopes: ["email","openid","https://www.googleapis.com/auth/cloudplatformprojects.readonly","https://www.googleapis.com/auth/firebase","https://www.googleapis.com/auth/cloud-platform"]
[debug] [2025-12-12T19:44:35.233Z] > authorizing via signed-in user (caspar.baumeister.privat@gmail.com)
[debug] [2025-12-12T19:44:35.233Z] [iam] checking project alpine-feinkost-11333 for permissions ["firebase.projects.get","firebasehosting.sites.update"]
[debug] [2025-12-12T19:44:35.233Z] Checked if tokens are valid: false, expires at: 1765462208254
[debug] [2025-12-12T19:44:35.233Z] Checked if tokens are valid: false, expires at: 1765462208254
[debug] [2025-12-12T19:44:35.233Z] > refreshing access token with scopes: []
[debug] [2025-12-12T19:44:35.234Z] >>> [apiv2][query] POST https://www.googleapis.com/oauth2/v3/token [none]
[debug] [2025-12-12T19:44:35.234Z] >>> [apiv2][body] POST https://www.googleapis.com/oauth2/v3/token [omitted]
[debug] [2025-12-12T19:44:35.416Z] <<< [apiv2][status] POST https://www.googleapis.com/oauth2/v3/token 200
[debug] [2025-12-12T19:44:35.416Z] <<< [apiv2][body] POST https://www.googleapis.com/oauth2/v3/token [omitted]
[debug] [2025-12-12T19:44:35.441Z] >>> [apiv2][query] POST https://cloudresourcemanager.googleapis.com/v1/projects/alpine-feinkost-11333:testIamPermissions [none]
[debug] [2025-12-12T19:44:35.441Z] >>> [apiv2][(partial)header] POST https://cloudresourcemanager.googleapis.com/v1/projects/alpine-feinkost-11333:testIamPermissions x-goog-quota-user=projects/alpine-feinkost-11333
[debug] [2025-12-12T19:44:35.442Z] >>> [apiv2][body] POST https://cloudresourcemanager.googleapis.com/v1/projects/alpine-feinkost-11333:testIamPermissions {"permissions":["firebase.projects.get","firebasehosting.sites.update"]}
[debug] [2025-12-12T19:44:35.760Z] <<< [apiv2][status] GET https://firebase-public.firebaseio.com/cli.json 200
[debug] [2025-12-12T19:44:35.761Z] <<< [apiv2][body] GET https://firebase-public.firebaseio.com/cli.json {"cloudBuildErrorAfter":1594252800000,"cloudBuildWarnAfter":1590019200000,"defaultNode10After":1594252800000,"minVersion":"3.0.5","node8DeploysDisabledAfter":1613390400000,"node8RuntimeDisabledAfter":1615809600000,"node8WarnAfter":1600128000000}
[debug] [2025-12-12T19:44:35.828Z] <<< [apiv2][status] POST https://cloudresourcemanager.googleapis.com/v1/projects/alpine-feinkost-11333:testIamPermissions 200
[debug] [2025-12-12T19:44:35.828Z] <<< [apiv2][body] POST https://cloudresourcemanager.googleapis.com/v1/projects/alpine-feinkost-11333:testIamPermissions {"permissions":["firebase.projects.get","firebasehosting.sites.update"]}
[debug] [2025-12-12T19:44:35.829Z] Checked if tokens are valid: true, expires at: 1765572274416
[debug] [2025-12-12T19:44:35.829Z] Checked if tokens are valid: true, expires at: 1765572274416
[debug] [2025-12-12T19:44:35.829Z] >>> [apiv2][query] GET https://firebase.googleapis.com/v1beta1/projects/alpine-feinkost-11333 [none]
[debug] [2025-12-12T19:44:36.330Z] <<< [apiv2][status] GET https://firebase.googleapis.com/v1beta1/projects/alpine-feinkost-11333 200
[debug] [2025-12-12T19:44:36.330Z] <<< [apiv2][body] GET https://firebase.googleapis.com/v1beta1/projects/alpine-feinkost-11333 {"projectId":"alpine-feinkost-11333","projectNumber":"948167685330","displayName":"alpine-feinkost","name":"projects/alpine-feinkost-11333","resources":{"hostingSite":"alpine-feinkost-11333"},"state":"ACTIVE","etag":"1_2cd261a4-18ba-4860-9495-8b63d2fd79de"}
[debug] [2025-12-12T19:44:39.839Z] Checked if tokens are valid: true, expires at: 1765572274416
[debug] [2025-12-12T19:44:39.839Z] Checked if tokens are valid: true, expires at: 1765572274416
[debug] [2025-12-12T19:44:39.839Z] >>> [apiv2][query] GET https://firebasehosting.googleapis.com/v1beta1/projects/alpine-feinkost-11333/sites pageToken=&pageSize=10
[debug] [2025-12-12T19:44:40.923Z] <<< [apiv2][status] GET https://firebasehosting.googleapis.com/v1beta1/projects/alpine-feinkost-11333/sites 200
[debug] [2025-12-12T19:44:40.923Z] <<< [apiv2][body] GET https://firebasehosting.googleapis.com/v1beta1/projects/alpine-feinkost-11333/sites {"sites":[{"name":"projects/alpine-feinkost-11333/sites/alpine-feinkost-11333","defaultUrl":"https://alpine-feinkost-11333.web.app","type":"DEFAULT_SITE"}]}
[debug] [2025-12-12T19:44:40.923Z] Checked if tokens are valid: true, expires at: 1765572274416
[debug] [2025-12-12T19:44:40.923Z] Checked if tokens are valid: true, expires at: 1765572274416
[debug] [2025-12-12T19:44:40.923Z] >>> [apiv2][query] GET https://firebasehosting.googleapis.com/v1beta1/projects/alpine-feinkost-11333/sites 
[debug] [2025-12-12T19:44:41.223Z] <<< [apiv2][status] GET https://firebasehosting.googleapis.com/v1beta1/projects/alpine-feinkost-11333/sites 200
[debug] [2025-12-12T19:44:41.223Z] <<< [apiv2][body] GET https://firebasehosting.googleapis.com/v1beta1/projects/alpine-feinkost-11333/sites {"sites":[{"name":"projects/alpine-feinkost-11333/sites/alpine-feinkost-11333","defaultUrl":"https://alpine-feinkost-11333.web.app","type":"DEFAULT_SITE"}]}
[debug] [2025-12-12T19:44:41.223Z] Checked if tokens are valid: true, expires at: 1765572274416
[debug] [2025-12-12T19:44:41.223Z] Checked if tokens are valid: true, expires at: 1765572274416
[debug] [2025-12-12T19:44:41.223Z] >>> [apiv2][query] GET https://firebase.googleapis.com/v1beta1/projects/alpine-feinkost-11333/webApps/-/config [none]
[debug] [2025-12-12T19:44:41.835Z] <<< [apiv2][status] GET https://firebase.googleapis.com/v1beta1/projects/alpine-feinkost-11333/webApps/-/config 200
[debug] [2025-12-12T19:44:41.835Z] <<< [apiv2][body] GET https://firebase.googleapis.com/v1beta1/projects/alpine-feinkost-11333/webApps/-/config {"projectId":"alpine-feinkost-11333","appId":"1:948167685330:web:5117f02a20c6f09e69690b","storageBucket":"alpine-feinkost-11333.firebasestorage.app","apiKey":"AIzaSyCKRtvaCoZufKKDZRO9YfUYTaOU9W80gIE","authDomain":"alpine-feinkost-11333.firebaseapp.com","messagingSenderId":"948167685330","projectNumber":"948167685330","version":"2"}
[info] 
   Thank you for trying our early preview of Next.js support on Firebase Hosting.
   During the preview, support is best-effort and breaking changes can be expected. Proceed with caution.
   The integration is known to work with Next.js version 12 - 15.0. You may encounter errors.

   Documentation: https://firebase.google.com/docs/hosting/frameworks/nextjs
   File a bug: https://github.com/firebase/firebase-tools/issues/new?template=bug_report.md
   Submit a feature request: https://github.com/firebase/firebase-tools/issues/new?template=feature_request.md

   We'd love to learn from you. Express your interest in helping us shape the future of Firebase Hosting: https://goo.gle/41enW5X

[debug] [2025-12-12T19:44:45.215Z] Checked if tokens are valid: true, expires at: 1765572274416
[debug] [2025-12-12T19:44:45.215Z] Checked if tokens are valid: true, expires at: 1765572274416
[debug] [2025-12-12T19:44:45.215Z] >>> [apiv2][query] GET https://firebasehosting.googleapis.com/v1beta1/projects/alpine-feinkost-11333/sites/alpine-feinkost-11333 [none]
[debug] [2025-12-12T19:44:45.425Z] <<< [apiv2][status] GET https://firebasehosting.googleapis.com/v1beta1/projects/alpine-feinkost-11333/sites/alpine-feinkost-11333 200
[debug] [2025-12-12T19:44:45.425Z] <<< [apiv2][body] GET https://firebasehosting.googleapis.com/v1beta1/projects/alpine-feinkost-11333/sites/alpine-feinkost-11333 {"name":"projects/alpine-feinkost-11333/sites/alpine-feinkost-11333","defaultUrl":"https://alpine-feinkost-11333.web.app","type":"DEFAULT_SITE"}
[info]    ▲ Next.js 16.0.7 (Turbopack)

[info]    - Environments: .env.local


[info]    Creating an optimized production build ...

[info]  ✓ Compiled successfully in 3.8s

[info]    Running TypeScript ...

[info]    Collecting page data using 9 workers ...

[info]    Generating static pages using 9 workers (0/21) ...

